<?xml version="1.0" encoding="UTF-8"?>
<testsuite xmlns:xsi="http://www.w3.org/2001/XMLSchema-instance" xsi:noNamespaceSchemaLocation="https://maven.apache.org/surefire/maven-surefire-plugin/xsd/surefire-test-report.xsd" name="com.csgi.search.system.config.ConfigLoaderTest" time="0.222" tests="3" errors="0" skipped="0" failures="0">
  <properties>
[...]
</properties>
  <testcase name="when_PropertyDoesNotExist_then_ReturnsNull" classname="com.csgi.search.system.config.ConfigLoaderTest" time="0.203"/>
  <testcase name="when_PropertyExists_then_ReturnsCorrectValue" classname="com.csgi.search.system.config.ConfigLoaderTest" time="0"/>
  <testcase name="when_ConfigFileLoads_then_PropertiesAreAvailable" classname="com.csgi.search.system.config.ConfigLoaderTest" time="0.003"/>
</testsuite>